<?xml version="1.0" encoding="UTF-8"?>
<!-- Generated by org.testng.reporters.JUnitReportReporter -->
<testsuite hostname="DESKTOP-U42780G" name="seleniumTestNG.QaAutomate" tests="1" failures="0" timestamp="9 Apr 2020 06:26:52 GMT" time="192.298" errors="0">
  <testcase name="placeOrder" time="192.298" classname="seleniumTestNG.QaAutomate"/>
</testsuite> <!-- seleniumTestNG.QaAutomate -->
