<?xml version="1.0" encoding="UTF-8"?>
<!-- Generated by org.testng.reporters.JUnitReportReporter -->
<testsuite hostname="DESKTOP-U42780G" name="SeleniumTestNG.Practice.QaAutomate" tests="1" failures="0" timestamp="8 Apr 2020 16:23:21 GMT" time="120.578" errors="0">
  <testcase name="placeOrder" time="120.578" classname="SeleniumTestNG.Practice.QaAutomate"/>
</testsuite> <!-- SeleniumTestNG.Practice.QaAutomate -->
